<?xml version="1.0" encoding="UTF-8"?>
<!-- Generated by org.testng.reporters.JUnitReportReporter -->
<testsuite hostname="LAPTOP-5OHLK4IV" failures="0" tests="5" name="com.redbusdemo.qa.TestPages.Homepagetest" time="23.115" errors="0" timestamp="2023-10-12T23:48:37 IST" skipped="0">
  <testcase classname="com.redbusdemo.qa.TestPages.Homepagetest" name="testTitle" time="4.105"/>
  <system-out/>
  <testcase classname="com.redbusdemo.qa.TestPages.Homepagetest" name="testsource" time="3.852"/>
  <system-out/>
  <testcase classname="com.redbusdemo.qa.TestPages.Homepagetest" name="testdestination" time="6.686"/>
  <system-out/>
  <testcase classname="com.redbusdemo.qa.TestPages.Homepagetest" name="testdate" time="4.281"/>
  <system-out/>
  <testcase classname="com.redbusdemo.qa.TestPages.Homepagetest" name="testsearch" time="4.191"/>
  <system-out/>
</testsuite> <!-- com.redbusdemo.qa.TestPages.Homepagetest -->
